<?xml version="1.0" encoding="UTF-8"?>
<testsuite xmlns:xsi="http://www.w3.org/2001/XMLSchema-instance" xsi:schemaLocation="https://maven.apache.org/surefire/maven-surefire-plugin/xsd/surefire-test-report.xsd" name="com.neo.controller.HelloWorldControlerTests" time="0.035" tests="1" errors="1" skipped="0" failures="0">
  <properties>
[...]
</properties>
  <testcase name="getHello" classname="com.neo.controller.HelloWorldControlerTests" time="0.001">
    <error message="javax/xml/bind/ValidationException" type="java.lang.NoClassDefFoundError">java.lang.NoClassDefFoundError: javax/xml/bind/ValidationException
	at com.neo.controller.HelloWorldControlerTests.setUp(HelloWorldControlerTests.java:26)
Caused by: java.lang.ClassNotFoundException: javax.xml.bind.ValidationException
	at com.neo.controller.HelloWorldControlerTests.setUp(HelloWorldControlerTests.java:26)
</error>
    <system-out><![CDATA[2020-01-27 22:33:22.398  INFO 16401 --- [           main] o.s.t.c.support.AbstractContextLoader    : Could not detect default resource locations for test class [com.neo.controller.HelloWorldControlerTests]: no resource found for suffixes {-context.xml, Context.groovy}.
2020-01-27 22:33:22.512  INFO 16401 --- [           main] o.s.t.c.web.WebTestContextBootstrapper   : Loaded default TestExecutionListener class names from location [META-INF/spring.factories]: [org.springframework.test.context.web.ServletTestExecutionListener, org.springframework.test.context.support.DirtiesContextBeforeModesTestExecutionListener, org.springframework.test.context.support.DependencyInjectionTestExecutionListener, org.springframework.test.context.support.DirtiesContextTestExecutionListener, org.springframework.test.context.transaction.TransactionalTestExecutionListener, org.springframework.test.context.jdbc.SqlScriptsTestExecutionListener]
2020-01-27 22:33:22.514  INFO 16401 --- [           main] o.s.t.c.web.WebTestContextBootstrapper   : Could not instantiate TestExecutionListener [org.springframework.test.context.transaction.TransactionalTestExecutionListener]. Specify custom listener classes or make the default listener classes (and their required dependencies) available. Offending class: [org/springframework/transaction/interceptor/TransactionAttributeSource]
2020-01-27 22:33:22.515  INFO 16401 --- [           main] o.s.t.c.web.WebTestContextBootstrapper   : Could not instantiate TestExecutionListener [org.springframework.test.context.jdbc.SqlScriptsTestExecutionListener]. Specify custom listener classes or make the default listener classes (and their required dependencies) available. Offending class: [org/springframework/transaction/interceptor/TransactionAttribute]
2020-01-27 22:33:22.529  INFO 16401 --- [           main] o.s.t.c.web.WebTestContextBootstrapper   : Using TestExecutionListeners: [org.springframework.test.context.web.ServletTestExecutionListener@34a97744, org.springframework.test.context.support.DirtiesContextBeforeModesTestExecutionListener@4275c20c, org.springframework.test.context.support.DependencyInjectionTestExecutionListener@7c56e013, org.springframework.test.context.support.DirtiesContextTestExecutionListener@3fc9dfc5]
2020-01-27 22:33:22.590  INFO 16401 --- [           main] ilder$StaticRequestMappingHandlerMapping : Mapped "{[/hello]}" onto public java.lang.String com.neo.controller.HelloWorldController.index()
]]></system-out>
  </testcase>
</testsuite>